<?xml version="1.0" encoding="UTF-8"?>
<!-- Generated by org.testng.reporters.JUnitReportReporter -->
<testsuite hostname="CTSSGPDT-055" name="GovTechSelenium.GovTechSelenium.BGPLogin" tests="1" failures="0" timestamp="10 Apr 2019 04:26:01 GMT" time="11.825" errors="0">
  <testcase name="login" time="11.825" classname="GovTechSelenium.GovTechSelenium.BGPLogin"/>
</testsuite> <!-- GovTechSelenium.GovTechSelenium.BGPLogin -->
