<?xml version="1.0" encoding="UTF-8"?>
<!-- Generated by org.testng.reporters.JUnitReportReporter -->
<testsuite hostname="CTSSGPDT-055" name="GovTechSelenium.GovTechSelenium.GovTechTest" tests="3" failures="0" timestamp="2 Apr 2019 07:44:41 GMT" time="29.251" errors="0">
  <testcase name="loginTest" time="8.676" classname="GovTechSelenium.GovTechSelenium.GovTechTest"/>
  <testcase name="launchChrome" time="6.453" classname="GovTechSelenium.GovTechSelenium.GovTechTest"/>
  <testcase name="verifyHomepageTitle" time="14.122" classname="GovTechSelenium.GovTechSelenium.GovTechTest"/>
</testsuite> <!-- GovTechSelenium.GovTechSelenium.GovTechTest -->
